{"/home/user/taskflow/backend/src/index.js": {"path":"/home/user/taskflow/backend/src/index.js","statementMap":{"0":{"start":{"line":1,"column":16},"end":{"line":1,"column":34}},"1":{"start":{"line":2,"column":13},"end":{"line":2,"column":28}},"2":{"start":{"line":3,"column":25},"end":{"line":3,"column":50}},"3":{"start":{"line":4,"column":56},"end":{"line":4,"column":91}},"4":{"start":{"line":5,"column":65},"end":{"line":5,"column":98}},"5":{"start":{"line":7,"column":12},"end":{"line":7,"column":21}},"6":{"start":{"line":8,"column":15},"end":{"line":8,"column":33}},"7":{"start":{"line":9,"column":13},"end":{"line":9,"column":37}},"8":{"start":{"line":12,"column":0},"end":{"line":12,"column":25}},"9":{"start":{"line":13,"column":0},"end":{"line":13,"column":27}},"10":{"start":{"line":14,"column":0},"end":{"line":14,"column":41}},"11":{"start":{"line":15,"column":0},"end":{"line":15,"column":23}},"12":{"start":{"line":18,"column":0},"end":{"line":18,"column":26}},"13":{"start":{"line":21,"column":0},"end":{"line":23,"column":3}},"14":{"start":{"line":22,"column":2},"end":{"line":22,"column":65}},"15":{"start":{"line":26,"column":0},"end":{"line":26,"column":22}},"16":{"start":{"line":32,"column":0},"end":{"line":53,"column":3}},"17":{"start":{"line":33,"column":2},"end":{"line":52,"column":3}},"18":{"start":{"line":34,"column":34},"end":{"line":34,"column":42}},"19":{"start":{"line":36,"column":4},"end":{"line":38,"column":5}},"20":{"start":{"line":37,"column":6},"end":{"line":37,"column":65}},"21":{"start":{"line":40,"column":18},"end":{"line":46,"column":6}},"22":{"start":{"line":48,"column":4},"end":{"line":48,"column":32}},"23":{"start":{"line":50,"column":4},"end":{"line":50,"column":50}},"24":{"start":{"line":51,"column":4},"end":{"line":51,"column":62}},"25":{"start":{"line":56,"column":0},"end":{"line":80,"column":3}},"26":{"start":{"line":57,"column":2},"end":{"line":79,"column":3}},"27":{"start":{"line":58,"column":19},"end":{"line":58,"column":29}},"28":{"start":{"line":59,"column":18},"end":{"line":69,"column":6}},"29":{"start":{"line":71,"column":4},"end":{"line":73,"column":5}},"30":{"start":{"line":72,"column":6},"end":{"line":72,"column":64}},"31":{"start":{"line":75,"column":4},"end":{"line":75,"column":20}},"32":{"start":{"line":77,"column":4},"end":{"line":77,"column":50}},"33":{"start":{"line":78,"column":4},"end":{"line":78,"column":61}},"34":{"start":{"line":83,"column":0},"end":{"line":107,"column":3}},"35":{"start":{"line":84,"column":2},"end":{"line":106,"column":3}},"36":{"start":{"line":85,"column":19},"end":{"line":85,"column":29}},"37":{"start":{"line":86,"column":34},"end":{"line":86,"column":42}},"38":{"start":{"line":88,"column":25},"end":{"line":95,"column":6}},"39":{"start":{"line":97,"column":4},"end":{"line":97,"column":27}},"40":{"start":{"line":99,"column":4},"end":{"line":99,"column":50}},"41":{"start":{"line":101,"column":4},"end":{"line":103,"column":5}},"42":{"start":{"line":102,"column":6},"end":{"line":102,"column":64}},"43":{"start":{"line":105,"column":4},"end":{"line":105,"column":62}},"44":{"start":{"line":110,"column":0},"end":{"line":140,"column":3}},"45":{"start":{"line":111,"column":2},"end":{"line":139,"column":3}},"46":{"start":{"line":112,"column":19},"end":{"line":112,"column":29}},"47":{"start":{"line":115,"column":4},"end":{"line":118,"column":7}},"48":{"start":{"line":120,"column":4},"end":{"line":123,"column":7}},"49":{"start":{"line":126,"column":4},"end":{"line":128,"column":7}},"50":{"start":{"line":130,"column":4},"end":{"line":130,"column":27}},"51":{"start":{"line":132,"column":4},"end":{"line":132,"column":50}},"52":{"start":{"line":134,"column":4},"end":{"line":136,"column":5}},"53":{"start":{"line":135,"column":6},"end":{"line":135,"column":64}},"54":{"start":{"line":138,"column":4},"end":{"line":138,"column":62}},"55":{"start":{"line":143,"column":0},"end":{"line":153,"column":3}},"56":{"start":{"line":144,"column":2},"end":{"line":152,"column":3}},"57":{"start":{"line":145,"column":19},"end":{"line":147,"column":6}},"58":{"start":{"line":148,"column":4},"end":{"line":148,"column":21}},"59":{"start":{"line":150,"column":4},"end":{"line":150,"column":51}},"60":{"start":{"line":151,"column":4},"end":{"line":151,"column":62}},"61":{"start":{"line":156,"column":0},"end":{"line":171,"column":3}},"62":{"start":{"line":157,"column":2},"end":{"line":170,"column":3}},"63":{"start":{"line":158,"column":18},"end":{"line":165,"column":6}},"64":{"start":{"line":166,"column":4},"end":{"line":166,"column":20}},"65":{"start":{"line":168,"column":4},"end":{"line":168,"column":50}},"66":{"start":{"line":169,"column":4},"end":{"line":169,"column":61}},"67":{"start":{"line":173,"column":0},"end":{"line":228,"column":3}},"68":{"start":{"line":174,"column":2},"end":{"line":227,"column":3}},"69":{"start":{"line":175,"column":82},"end":{"line":175,"column":90}},"70":{"start":{"line":178,"column":25},"end":{"line":180,"column":6}},"71":{"start":{"line":182,"column":4},"end":{"line":184,"column":5}},"72":{"start":{"line":183,"column":6},"end":{"line":183,"column":82}},"73":{"start":{"line":187,"column":22},"end":{"line":187,"column":26}},"74":{"start":{"line":188,"column":4},"end":{"line":195,"column":5}},"75":{"start":{"line":189,"column":24},"end":{"line":193,"column":8}},"76":{"start":{"line":194,"column":6},"end":{"line":194,"column":33}},"77":{"start":{"line":198,"column":17},"end":{"line":212,"column":6}},"78":{"start":{"line":215,"column":4},"end":{"line":221,"column":7}},"79":{"start":{"line":223,"column":4},"end":{"line":223,"column":31}},"80":{"start":{"line":225,"column":4},"end":{"line":225,"column":49}},"81":{"start":{"line":226,"column":4},"end":{"line":226,"column":61}},"82":{"start":{"line":230,"column":0},"end":{"line":286,"column":3}},"83":{"start":{"line":231,"column":2},"end":{"line":285,"column":3}},"84":{"start":{"line":232,"column":19},"end":{"line":232,"column":29}},"85":{"start":{"line":233,"column":55},"end":{"line":233,"column":63}},"86":{"start":{"line":235,"column":20},"end":{"line":238,"column":6}},"87":{"start":{"line":240,"column":24},"end":{"line":253,"column":6}},"88":{"start":{"line":256,"column":20},"end":{"line":256,"column":22}},"89":{"start":{"line":257,"column":4},"end":{"line":259,"column":5}},"90":{"start":{"line":258,"column":6},"end":{"line":258,"column":71}},"91":{"start":{"line":260,"column":4},"end":{"line":264,"column":5}},"92":{"start":{"line":261,"column":23},"end":{"line":261,"column":64}},"93":{"start":{"line":262,"column":23},"end":{"line":262,"column":68}},"94":{"start":{"line":263,"column":6},"end":{"line":263,"column":67}},"95":{"start":{"line":265,"column":4},"end":{"line":269,"column":5}},"96":{"start":{"line":266,"column":24},"end":{"line":266,"column":71}},"97":{"start":{"line":267,"column":24},"end":{"line":267,"column":75}},"98":{"start":{"line":268,"column":6},"end":{"line":268,"column":74}},"99":{"start":{"line":271,"column":4},"end":{"line":279,"column":5}},"100":{"start":{"line":272,"column":6},"end":{"line":278,"column":9}},"101":{"start":{"line":281,"column":4},"end":{"line":281,"column":26}},"102":{"start":{"line":283,"column":4},"end":{"line":283,"column":49}},"103":{"start":{"line":284,"column":4},"end":{"line":284,"column":61}},"104":{"start":{"line":289,"column":0},"end":{"line":300,"column":3}},"105":{"start":{"line":290,"column":2},"end":{"line":299,"column":3}},"106":{"start":{"line":291,"column":27},"end":{"line":291,"column":37}},"107":{"start":{"line":292,"column":17},"end":{"line":294,"column":6}},"108":{"start":{"line":295,"column":4},"end":{"line":295,"column":33}},"109":{"start":{"line":297,"column":4},"end":{"line":297,"column":55}},"110":{"start":{"line":298,"column":4},"end":{"line":298,"column":66}},"111":{"start":{"line":303,"column":0},"end":{"line":328,"column":3}},"112":{"start":{"line":304,"column":2},"end":{"line":327,"column":3}},"113":{"start":{"line":305,"column":19},"end":{"line":305,"column":29}},"114":{"start":{"line":306,"column":17},"end":{"line":317,"column":6}},"115":{"start":{"line":319,"column":4},"end":{"line":321,"column":5}},"116":{"start":{"line":320,"column":6},"end":{"line":320,"column":63}},"117":{"start":{"line":323,"column":4},"end":{"line":323,"column":19}},"118":{"start":{"line":325,"column":4},"end":{"line":325,"column":49}},"119":{"start":{"line":326,"column":4},"end":{"line":326,"column":60}},"120":{"start":{"line":331,"column":0},"end":{"line":350,"column":3}},"121":{"start":{"line":332,"column":2},"end":{"line":349,"column":3}},"122":{"start":{"line":333,"column":19},"end":{"line":333,"column":29}},"123":{"start":{"line":336,"column":4},"end":{"line":338,"column":7}},"124":{"start":{"line":341,"column":4},"end":{"line":343,"column":7}},"125":{"start":{"line":345,"column":4},"end":{"line":345,"column":27}},"126":{"start":{"line":347,"column":4},"end":{"line":347,"column":49}},"127":{"start":{"line":348,"column":4},"end":{"line":348,"column":61}},"128":{"start":{"line":353,"column":0},"end":{"line":366,"column":3}},"129":{"start":{"line":354,"column":2},"end":{"line":365,"column":3}},"130":{"start":{"line":355,"column":23},"end":{"line":355,"column":33}},"131":{"start":{"line":356,"column":17},"end":{"line":360,"column":6}},"132":{"start":{"line":361,"column":4},"end":{"line":361,"column":19}},"133":{"start":{"line":363,"column":4},"end":{"line":363,"column":49}},"134":{"start":{"line":364,"column":4},"end":{"line":364,"column":60}},"135":{"start":{"line":368,"column":0},"end":{"line":384,"column":3}},"136":{"start":{"line":369,"column":2},"end":{"line":383,"column":3}},"137":{"start":{"line":370,"column":41},"end":{"line":370,"column":49}},"138":{"start":{"line":371,"column":16},"end":{"line":378,"column":6}},"139":{"start":{"line":379,"column":4},"end":{"line":379,"column":30}},"140":{"start":{"line":381,"column":4},"end":{"line":381,"column":48}},"141":{"start":{"line":382,"column":4},"end":{"line":382,"column":60}},"142":{"start":{"line":387,"column":0},"end":{"line":389,"column":3}},"143":{"start":{"line":388,"column":2},"end":{"line":388,"column":61}},"144":{"start":{"line":392,"column":0},"end":{"line":396,"column":3}},"145":{"start":{"line":393,"column":2},"end":{"line":393,"column":60}},"146":{"start":{"line":394,"column":2},"end":{"line":394,"column":29}},"147":{"start":{"line":395,"column":2},"end":{"line":395,"column":18}}},"fnMap":{"0":{"name":"(anonymous_0)","decl":{"start":{"line":21,"column":19},"end":{"line":21,"column":20}},"loc":{"start":{"line":21,"column":33},"end":{"line":23,"column":1}},"line":21},"1":{"name":"(anonymous_1)","decl":{"start":{"line":32,"column":24},"end":{"line":32,"column":25}},"loc":{"start":{"line":32,"column":44},"end":{"line":53,"column":1}},"line":32},"2":{"name":"(anonymous_2)","decl":{"start":{"line":56,"column":27},"end":{"line":56,"column":28}},"loc":{"start":{"line":56,"column":47},"end":{"line":80,"column":1}},"line":56},"3":{"name":"(anonymous_3)","decl":{"start":{"line":83,"column":27},"end":{"line":83,"column":28}},"loc":{"start":{"line":83,"column":47},"end":{"line":107,"column":1}},"line":83},"4":{"name":"(anonymous_4)","decl":{"start":{"line":110,"column":30},"end":{"line":110,"column":31}},"loc":{"start":{"line":110,"column":50},"end":{"line":140,"column":1}},"line":110},"5":{"name":"(anonymous_5)","decl":{"start":{"line":143,"column":23},"end":{"line":143,"column":24}},"loc":{"start":{"line":143,"column":43},"end":{"line":153,"column":1}},"line":143},"6":{"name":"(anonymous_6)","decl":{"start":{"line":156,"column":22},"end":{"line":156,"column":23}},"loc":{"start":{"line":156,"column":42},"end":{"line":171,"column":1}},"line":156},"7":{"name":"(anonymous_7)","decl":{"start":{"line":173,"column":54},"end":{"line":173,"column":55}},"loc":{"start":{"line":173,"column":74},"end":{"line":228,"column":1}},"line":173},"8":{"name":"(anonymous_8)","decl":{"start":{"line":230,"column":57},"end":{"line":230,"column":58}},"loc":{"start":{"line":230,"column":77},"end":{"line":286,"column":1}},"line":230},"9":{"name":"(anonymous_9)","decl":{"start":{"line":289,"column":40},"end":{"line":289,"column":41}},"loc":{"start":{"line":289,"column":60},"end":{"line":300,"column":1}},"line":289},"10":{"name":"(anonymous_10)","decl":{"start":{"line":303,"column":26},"end":{"line":303,"column":27}},"loc":{"start":{"line":303,"column":46},"end":{"line":328,"column":1}},"line":303},"11":{"name":"(anonymous_11)","decl":{"start":{"line":331,"column":29},"end":{"line":331,"column":30}},"loc":{"start":{"line":331,"column":49},"end":{"line":350,"column":1}},"line":331},"12":{"name":"(anonymous_12)","decl":{"start":{"line":353,"column":29},"end":{"line":353,"column":30}},"loc":{"start":{"line":353,"column":49},"end":{"line":366,"column":1}},"line":353},"13":{"name":"(anonymous_13)","decl":{"start":{"line":368,"column":22},"end":{"line":368,"column":23}},"loc":{"start":{"line":368,"column":42},"end":{"line":384,"column":1}},"line":368},"14":{"name":"(anonymous_14)","decl":{"start":{"line":387,"column":17},"end":{"line":387,"column":18}},"loc":{"start":{"line":387,"column":23},"end":{"line":389,"column":1}},"line":387},"15":{"name":"(anonymous_15)","decl":{"start":{"line":392,"column":22},"end":{"line":392,"column":23}},"loc":{"start":{"line":392,"column":34},"end":{"line":396,"column":1}},"line":392}},"branchMap":{"0":{"loc":{"start":{"line":9,"column":13},"end":{"line":9,"column":37}},"type":"binary-expr","locations":[{"start":{"line":9,"column":13},"end":{"line":9,"column":29}},{"start":{"line":9,"column":33},"end":{"line":9,"column":37}}],"line":9},"1":{"loc":{"start":{"line":36,"column":4},"end":{"line":38,"column":5}},"type":"if","locations":[{"start":{"line":36,"column":4},"end":{"line":38,"column":5}},{"start":{},"end":{}}],"line":36},"2":{"loc":{"start":{"line":43,"column":15},"end":{"line":43,"column":28}},"type":"binary-expr","locations":[{"start":{"line":43,"column":15},"end":{"line":43,"column":20}},{"start":{"line":43,"column":24},"end":{"line":43,"column":28}}],"line":43},"3":{"loc":{"start":{"line":44,"column":14},"end":{"line":44,"column":29}},"type":"binary-expr","locations":[{"start":{"line":44,"column":14},"end":{"line":44,"column":18}},{"start":{"line":44,"column":22},"end":{"line":44,"column":29}}],"line":44},"4":{"loc":{"start":{"line":71,"column":4},"end":{"line":73,"column":5}},"type":"if","locations":[{"start":{"line":71,"column":4},"end":{"line":73,"column":5}},{"start":{},"end":{}}],"line":71},"5":{"loc":{"start":{"line":101,"column":4},"end":{"line":103,"column":5}},"type":"if","locations":[{"start":{"line":101,"column":4},"end":{"line":103,"column":5}},{"start":{},"end":{}}],"line":101},"6":{"loc":{"start":{"line":134,"column":4},"end":{"line":136,"column":5}},"type":"if","locations":[{"start":{"line":134,"column":4},"end":{"line":136,"column":5}},{"start":{},"end":{}}],"line":134},"7":{"loc":{"start":{"line":182,"column":4},"end":{"line":184,"column":5}},"type":"if","locations":[{"start":{"line":182,"column":4},"end":{"line":184,"column":5}},{"start":{},"end":{}}],"line":182},"8":{"loc":{"start":{"line":188,"column":4},"end":{"line":195,"column":5}},"type":"if","locations":[{"start":{"line":188,"column":4},"end":{"line":195,"column":5}},{"start":{},"end":{}}],"line":188},"9":{"loc":{"start":{"line":202,"column":17},"end":{"line":202,"column":49}},"type":"cond-expr","locations":[{"start":{"line":202,"column":27},"end":{"line":202,"column":42}},{"start":{"line":202,"column":45},"end":{"line":202,"column":49}}],"line":202},"10":{"loc":{"start":{"line":203,"column":18},"end":{"line":203,"column":52}},"type":"cond-expr","locations":[{"start":{"line":203,"column":29},"end":{"line":203,"column":45}},{"start":{"line":203,"column":48},"end":{"line":203,"column":52}}],"line":203},"11":{"loc":{"start":{"line":205,"column":16},"end":{"line":205,"column":37}},"type":"binary-expr","locations":[{"start":{"line":205,"column":16},"end":{"line":205,"column":22}},{"start":{"line":205,"column":26},"end":{"line":205,"column":37}}],"line":205},"12":{"loc":{"start":{"line":244,"column":17},"end":{"line":244,"column":49}},"type":"cond-expr","locations":[{"start":{"line":244,"column":27},"end":{"line":244,"column":42}},{"start":{"line":244,"column":45},"end":{"line":244,"column":49}}],"line":244},"13":{"loc":{"start":{"line":245,"column":18},"end":{"line":245,"column":52}},"type":"cond-expr","locations":[{"start":{"line":245,"column":29},"end":{"line":245,"column":45}},{"start":{"line":245,"column":48},"end":{"line":245,"column":52}}],"line":245},"14":{"loc":{"start":{"line":257,"column":4},"end":{"line":259,"column":5}},"type":"if","locations":[{"start":{"line":257,"column":4},"end":{"line":259,"column":5}},{"start":{},"end":{}}],"line":257},"15":{"loc":{"start":{"line":260,"column":4},"end":{"line":264,"column":5}},"type":"if","locations":[{"start":{"line":260,"column":4},"end":{"line":264,"column":5}},{"start":{},"end":{}}],"line":260},"16":{"loc":{"start":{"line":261,"column":23},"end":{"line":261,"column":64}},"type":"binary-expr","locations":[{"start":{"line":261,"column":23},"end":{"line":261,"column":47}},{"start":{"line":261,"column":51},"end":{"line":261,"column":64}}],"line":261},"17":{"loc":{"start":{"line":262,"column":23},"end":{"line":262,"column":68}},"type":"binary-expr","locations":[{"start":{"line":262,"column":23},"end":{"line":262,"column":51}},{"start":{"line":262,"column":55},"end":{"line":262,"column":68}}],"line":262},"18":{"loc":{"start":{"line":265,"column":4},"end":{"line":269,"column":5}},"type":"if","locations":[{"start":{"line":265,"column":4},"end":{"line":269,"column":5}},{"start":{},"end":{}}],"line":265},"19":{"loc":{"start":{"line":266,"column":24},"end":{"line":266,"column":71}},"type":"binary-expr","locations":[{"start":{"line":266,"column":24},"end":{"line":266,"column":50}},{"start":{"line":266,"column":54},"end":{"line":266,"column":71}}],"line":266},"20":{"loc":{"start":{"line":267,"column":24},"end":{"line":267,"column":75}},"type":"binary-expr","locations":[{"start":{"line":267,"column":24},"end":{"line":267,"column":54}},{"start":{"line":267,"column":58},"end":{"line":267,"column":75}}],"line":267},"21":{"loc":{"start":{"line":271,"column":4},"end":{"line":279,"column":5}},"type":"if","locations":[{"start":{"line":271,"column":4},"end":{"line":279,"column":5}},{"start":{},"end":{}}],"line":271},"22":{"loc":{"start":{"line":276,"column":19},"end":{"line":276,"column":51}},"type":"cond-expr","locations":[{"start":{"line":276,"column":29},"end":{"line":276,"column":44}},{"start":{"line":276,"column":47},"end":{"line":276,"column":51}}],"line":276},"23":{"loc":{"start":{"line":319,"column":4},"end":{"line":321,"column":5}},"type":"if","locations":[{"start":{"line":319,"column":4},"end":{"line":321,"column":5}},{"start":{},"end":{}}],"line":319},"24":{"loc":{"start":{"line":375,"column":17},"end":{"line":375,"column":49}},"type":"cond-expr","locations":[{"start":{"line":375,"column":27},"end":{"line":375,"column":42}},{"start":{"line":375,"column":45},"end":{"line":375,"column":49}}],"line":375}},"s":{"0":0,"1":0,"2":0,"3":0,"4":0,"5":0,"6":0,"7":0,"8":0,"9":0,"10":0,"11":0,"12":0,"13":0,"14":0,"15":0,"16":0,"17":0,"18":0,"19":0,"20":0,"21":0,"22":0,"23":0,"24":0,"25":0,"26":0,"27":0,"28":0,"29":0,"30":0,"31":0,"32":0,"33":0,"34":0,"35":0,"36":0,"37":0,"38":0,"39":0,"40":0,"41":0,"42":0,"43":0,"44":0,"45":0,"46":0,"47":0,"48":0,"49":0,"50":0,"51":0,"52":0,"53":0,"54":0,"55":0,"56":0,"57":0,"58":0,"59":0,"60":0,"61":0,"62":0,"63":0,"64":0,"65":0,"66":0,"67":0,"68":0,"69":0,"70":0,"71":0,"72":0,"73":0,"74":0,"75":0,"76":0,"77":0,"78":0,"79":0,"80":0,"81":0,"82":0,"83":0,"84":0,"85":0,"86":0,"87":0,"88":0,"89":0,"90":0,"91":0,"92":0,"93":0,"94":0,"95":0,"96":0,"97":0,"98":0,"99":0,"100":0,"101":0,"102":0,"103":0,"104":0,"105":0,"106":0,"107":0,"108":0,"109":0,"110":0,"111":0,"112":0,"113":0,"114":0,"115":0,"116":0,"117":0,"118":0,"119":0,"120":0,"121":0,"122":0,"123":0,"124":0,"125":0,"126":0,"127":0,"128":0,"129":0,"130":0,"131":0,"132":0,"133":0,"134":0,"135":0,"136":0,"137":0,"138":0,"139":0,"140":0,"141":0,"142":0,"143":0,"144":0,"145":0,"146":0,"147":0},"f":{"0":0,"1":0,"2":0,"3":0,"4":0,"5":0,"6":0,"7":0,"8":0,"9":0,"10":0,"11":0,"12":0,"13":0,"14":0,"15":0},"b":{"0":[0,0],"1":[0,0],"2":[0,0],"3":[0,0],"4":[0,0],"5":[0,0],"6":[0,0],"7":[0,0],"8":[0,0],"9":[0,0],"10":[0,0],"11":[0,0],"12":[0,0],"13":[0,0],"14":[0,0],"15":[0,0],"16":[0,0],"17":[0,0],"18":[0,0],"19":[0,0],"20":[0,0],"21":[0,0],"22":[0,0],"23":[0,0],"24":[0,0]}}
,"/home/user/taskflow/backend/src/middlewares/security.js": {"path":"/home/user/taskflow/backend/src/middlewares/security.js","statementMap":{"0":{"start":{"line":1,"column":18},"end":{"line":1,"column":47}},"1":{"start":{"line":2,"column":15},"end":{"line":2,"column":32}},"2":{"start":{"line":3,"column":22},"end":{"line":3,"column":55}},"3":{"start":{"line":4,"column":12},"end":{"line":4,"column":32}},"4":{"start":{"line":5,"column":35},"end":{"line":5,"column":63}},"5":{"start":{"line":8,"column":16},"end":{"line":12,"column":2}},"6":{"start":{"line":15,"column":24},"end":{"line":41,"column":1}},"7":{"start":{"line":44,"column":22},"end":{"line":87,"column":1}},"8":{"start":{"line":48,"column":21},"end":{"line":58,"column":5}},"9":{"start":{"line":49,"column":6},"end":{"line":49,"column":27}},"10":{"start":{"line":49,"column":16},"end":{"line":49,"column":27}},"11":{"start":{"line":50,"column":6},"end":{"line":57,"column":9}},"12":{"start":{"line":51,"column":8},"end":{"line":56,"column":9}},"13":{"start":{"line":53,"column":10},"end":{"line":53,"column":35}},"14":{"start":{"line":54,"column":15},"end":{"line":56,"column":9}},"15":{"start":{"line":55,"column":10},"end":{"line":55,"column":29}},"16":{"start":{"line":60,"column":4},"end":{"line":60,"column":23}},"17":{"start":{"line":61,"column":4},"end":{"line":61,"column":25}},"18":{"start":{"line":62,"column":4},"end":{"line":62,"column":24}},"19":{"start":{"line":63,"column":4},"end":{"line":63,"column":11}},"20":{"start":{"line":71,"column":21},"end":{"line":80,"column":5}},"21":{"start":{"line":72,"column":6},"end":{"line":72,"column":27}},"22":{"start":{"line":72,"column":16},"end":{"line":72,"column":27}},"23":{"start":{"line":73,"column":6},"end":{"line":79,"column":9}},"24":{"start":{"line":74,"column":8},"end":{"line":78,"column":9}},"25":{"start":{"line":75,"column":10},"end":{"line":75,"column":97}},"26":{"start":{"line":76,"column":15},"end":{"line":78,"column":9}},"27":{"start":{"line":77,"column":10},"end":{"line":77,"column":29}},"28":{"start":{"line":82,"column":4},"end":{"line":82,"column":23}},"29":{"start":{"line":83,"column":4},"end":{"line":83,"column":25}},"30":{"start":{"line":84,"column":4},"end":{"line":84,"column":24}},"31":{"start":{"line":85,"column":4},"end":{"line":85,"column":11}},"32":{"start":{"line":90,"column":20},"end":{"line":98,"column":1}},"33":{"start":{"line":101,"column":20},"end":{"line":119,"column":1}},"34":{"start":{"line":104,"column":16},"end":{"line":104,"column":56}},"35":{"start":{"line":106,"column":2},"end":{"line":108,"column":3}},"36":{"start":{"line":107,"column":4},"end":{"line":107,"column":67}},"37":{"start":{"line":118,"column":2},"end":{"line":118,"column":9}},"38":{"start":{"line":121,"column":0},"end":{"line":127,"column":2}}},"fnMap":{"0":{"name":"(anonymous_0)","decl":{"start":{"line":46,"column":2},"end":{"line":46,"column":3}},"loc":{"start":{"line":46,"column":22},"end":{"line":64,"column":3}},"line":46},"1":{"name":"(anonymous_1)","decl":{"start":{"line":48,"column":21},"end":{"line":48,"column":22}},"loc":{"start":{"line":48,"column":30},"end":{"line":58,"column":5}},"line":48},"2":{"name":"(anonymous_2)","decl":{"start":{"line":50,"column":31},"end":{"line":50,"column":32}},"loc":{"start":{"line":50,"column":38},"end":{"line":57,"column":7}},"line":50},"3":{"name":"(anonymous_3)","decl":{"start":{"line":70,"column":2},"end":{"line":70,"column":3}},"loc":{"start":{"line":70,"column":22},"end":{"line":86,"column":3}},"line":70},"4":{"name":"(anonymous_4)","decl":{"start":{"line":71,"column":21},"end":{"line":71,"column":22}},"loc":{"start":{"line":71,"column":30},"end":{"line":80,"column":5}},"line":71},"5":{"name":"(anonymous_5)","decl":{"start":{"line":73,"column":31},"end":{"line":73,"column":32}},"loc":{"start":{"line":73,"column":38},"end":{"line":79,"column":7}},"line":73},"6":{"name":"(anonymous_6)","decl":{"start":{"line":101,"column":20},"end":{"line":101,"column":21}},"loc":{"start":{"line":101,"column":40},"end":{"line":119,"column":1}},"line":101}},"branchMap":{"0":{"loc":{"start":{"line":49,"column":6},"end":{"line":49,"column":27}},"type":"if","locations":[{"start":{"line":49,"column":6},"end":{"line":49,"column":27}},{"start":{},"end":{}}],"line":49},"1":{"loc":{"start":{"line":51,"column":8},"end":{"line":56,"column":9}},"type":"if","locations":[{"start":{"line":51,"column":8},"end":{"line":56,"column":9}},{"start":{"line":54,"column":15},"end":{"line":56,"column":9}}],"line":51},"2":{"loc":{"start":{"line":54,"column":15},"end":{"line":56,"column":9}},"type":"if","locations":[{"start":{"line":54,"column":15},"end":{"line":56,"column":9}},{"start":{},"end":{}}],"line":54},"3":{"loc":{"start":{"line":72,"column":6},"end":{"line":72,"column":27}},"type":"if","locations":[{"start":{"line":72,"column":6},"end":{"line":72,"column":27}},{"start":{},"end":{}}],"line":72},"4":{"loc":{"start":{"line":74,"column":8},"end":{"line":78,"column":9}},"type":"if","locations":[{"start":{"line":74,"column":8},"end":{"line":78,"column":9}},{"start":{"line":76,"column":15},"end":{"line":78,"column":9}}],"line":74},"5":{"loc":{"start":{"line":76,"column":15},"end":{"line":78,"column":9}},"type":"if","locations":[{"start":{"line":76,"column":15},"end":{"line":78,"column":9}},{"start":{},"end":{}}],"line":76},"6":{"loc":{"start":{"line":91,"column":10},"end":{"line":93,"column":31}},"type":"cond-expr","locations":[{"start":{"line":92,"column":6},"end":{"line":92,"column":31}},{"start":{"line":93,"column":6},"end":{"line":93,"column":31}}],"line":91},"7":{"loc":{"start":{"line":106,"column":2},"end":{"line":108,"column":3}},"type":"if","locations":[{"start":{"line":106,"column":2},"end":{"line":108,"column":3}},{"start":{},"end":{}}],"line":106}},"s":{"0":0,"1":0,"2":0,"3":0,"4":0,"5":0,"6":0,"7":0,"8":0,"9":0,"10":0,"11":0,"12":0,"13":0,"14":0,"15":0,"16":0,"17":0,"18":0,"19":0,"20":0,"21":0,"22":0,"23":0,"24":0,"25":0,"26":0,"27":0,"28":0,"29":0,"30":0,"31":0,"32":0,"33":0,"34":0,"35":0,"36":0,"37":0,"38":0},"f":{"0":0,"1":0,"2":0,"3":0,"4":0,"5":0,"6":0},"b":{"0":[0,0],"1":[0,0],"2":[0,0],"3":[0,0],"4":[0,0],"5":[0,0],"6":[0,0],"7":[0,0]}}
,"/home/user/taskflow/backend/src/middlewares/validators.js": {"path":"/home/user/taskflow/backend/src/middlewares/validators.js","statementMap":{"0":{"start":{"line":1,"column":35},"end":{"line":1,"column":63}},"1":{"start":{"line":2,"column":25},"end":{"line":2,"column":50}},"2":{"start":{"line":3,"column":15},"end":{"line":3,"column":33}},"3":{"start":{"line":6,"column":0},"end":{"line":34,"column":2}},"4":{"start":{"line":12,"column":6},"end":{"line":12,"column":54}},"5":{"start":{"line":12,"column":42},"end":{"line":12,"column":54}},"6":{"start":{"line":14,"column":19},"end":{"line":14,"column":81}},"7":{"start":{"line":15,"column":6},"end":{"line":15,"column":91}},"8":{"start":{"line":15,"column":79},"end":{"line":15,"column":91}},"9":{"start":{"line":16,"column":6},"end":{"line":16,"column":56}},"10":{"start":{"line":16,"column":16},"end":{"line":16,"column":56}},"11":{"start":{"line":17,"column":6},"end":{"line":17,"column":18}},"12":{"start":{"line":29,"column":6},"end":{"line":29,"column":30}},"13":{"start":{"line":29,"column":18},"end":{"line":29,"column":30}},"14":{"start":{"line":30,"column":20},"end":{"line":30,"column":75}},"15":{"start":{"line":31,"column":6},"end":{"line":31,"column":58}},"16":{"start":{"line":31,"column":18},"end":{"line":31,"column":58}},"17":{"start":{"line":32,"column":6},"end":{"line":32,"column":18}},"18":{"start":{"line":37,"column":0},"end":{"line":47,"column":2}},"19":{"start":{"line":38,"column":17},"end":{"line":38,"column":38}},"20":{"start":{"line":39,"column":2},"end":{"line":39,"column":38}},"21":{"start":{"line":39,"column":24},"end":{"line":39,"column":38}},"22":{"start":{"line":41,"column":26},"end":{"line":44,"column":5}},"23":{"start":{"line":41,"column":53},"end":{"line":44,"column":3}},"24":{"start":{"line":46,"column":2},"end":{"line":46,"column":59}},"25":{"start":{"line":50,"column":0},"end":{"line":64,"column":2}},"26":{"start":{"line":51,"column":2},"end":{"line":51,"column":27}},"27":{"start":{"line":53,"column":2},"end":{"line":58,"column":3}},"28":{"start":{"line":54,"column":4},"end":{"line":57,"column":7}},"29":{"start":{"line":60,"column":2},"end":{"line":63,"column":5}}},"fnMap":{"0":{"name":"(anonymous_0)","decl":{"start":{"line":11,"column":12},"end":{"line":11,"column":13}},"loc":{"start":{"line":11,"column":38},"end":{"line":18,"column":5}},"line":11},"1":{"name":"(anonymous_1)","decl":{"start":{"line":28,"column":12},"end":{"line":28,"column":13}},"loc":{"start":{"line":28,"column":27},"end":{"line":33,"column":5}},"line":28},"2":{"name":"(anonymous_2)","decl":{"start":{"line":37,"column":19},"end":{"line":37,"column":20}},"loc":{"start":{"line":37,"column":39},"end":{"line":47,"column":1}},"line":37},"3":{"name":"(anonymous_3)","decl":{"start":{"line":41,"column":45},"end":{"line":41,"column":46}},"loc":{"start":{"line":41,"column":53},"end":{"line":44,"column":3}},"line":41},"4":{"name":"(anonymous_4)","decl":{"start":{"line":50,"column":23},"end":{"line":50,"column":24}},"loc":{"start":{"line":50,"column":48},"end":{"line":64,"column":1}},"line":50}},"branchMap":{"0":{"loc":{"start":{"line":12,"column":6},"end":{"line":12,"column":54}},"type":"if","locations":[{"start":{"line":12,"column":6},"end":{"line":12,"column":54}},{"start":{},"end":{}}],"line":12},"1":{"loc":{"start":{"line":12,"column":10},"end":{"line":12,"column":40}},"type":"binary-expr","locations":[{"start":{"line":12,"column":10},"end":{"line":12,"column":30}},{"start":{"line":12,"column":34},"end":{"line":12,"column":40}}],"line":12},"2":{"loc":{"start":{"line":15,"column":6},"end":{"line":15,"column":91}},"type":"if","locations":[{"start":{"line":15,"column":6},"end":{"line":15,"column":91}},{"start":{},"end":{}}],"line":15},"3":{"loc":{"start":{"line":15,"column":10},"end":{"line":15,"column":77}},"type":"binary-expr","locations":[{"start":{"line":15,"column":10},"end":{"line":15,"column":30}},{"start":{"line":15,"column":34},"end":{"line":15,"column":38}},{"start":{"line":15,"column":42},"end":{"line":15,"column":77}}],"line":15},"4":{"loc":{"start":{"line":16,"column":6},"end":{"line":16,"column":56}},"type":"if","locations":[{"start":{"line":16,"column":6},"end":{"line":16,"column":56}},{"start":{},"end":{}}],"line":16},"5":{"loc":{"start":{"line":29,"column":6},"end":{"line":29,"column":30}},"type":"if","locations":[{"start":{"line":29,"column":6},"end":{"line":29,"column":30}},{"start":{},"end":{}}],"line":29},"6":{"loc":{"start":{"line":31,"column":6},"end":{"line":31,"column":58}},"type":"if","locations":[{"start":{"line":31,"column":6},"end":{"line":31,"column":58}},{"start":{},"end":{}}],"line":31},"7":{"loc":{"start":{"line":39,"column":2},"end":{"line":39,"column":38}},"type":"if","locations":[{"start":{"line":39,"column":2},"end":{"line":39,"column":38}},{"start":{},"end":{}}],"line":39},"8":{"loc":{"start":{"line":53,"column":2},"end":{"line":58,"column":3}},"type":"if","locations":[{"start":{"line":53,"column":2},"end":{"line":58,"column":3}},{"start":{},"end":{}}],"line":53},"9":{"loc":{"start":{"line":62,"column":13},"end":{"line":62,"column":83}},"type":"cond-expr","locations":[{"start":{"line":62,"column":54},"end":{"line":62,"column":65}},{"start":{"line":62,"column":68},"end":{"line":62,"column":83}}],"line":62}},"s":{"0":0,"1":0,"2":0,"3":0,"4":0,"5":0,"6":0,"7":0,"8":0,"9":0,"10":0,"11":0,"12":0,"13":0,"14":0,"15":0,"16":0,"17":0,"18":0,"19":0,"20":0,"21":0,"22":0,"23":0,"24":0,"25":0,"26":0,"27":0,"28":0,"29":0},"f":{"0":0,"1":0,"2":0,"3":0,"4":0},"b":{"0":[0,0],"1":[0,0],"2":[0,0],"3":[0,0,0],"4":[0,0],"5":[0,0],"6":[0,0],"7":[0,0],"8":[0,0],"9":[0,0]}}
}
